LOG 2021/01/30
Save Path: E:\GitHub\91pron_python\m3u8DL-CLI\Logs
Task Start: 2021/01/30 00:54:02
Task CommandLine: "N_m3u8DL-CLI_v2.9.1.exe"  "https://ccn.91p52.com//m3u8/426808/426808.m3u8?st=C1WPt0Aic-E_snRM61ky2A&e=1611946141&f=6965LVZTpQ64BPNLV20OHB8qE/2hUvT1gIYDf4MZeVVAFJZjkqAow/D1OnTXSdVg6Hlqxd3+ZhP4sc+gH9FHHobRUJQpQsDQnGfVsYY/H8T5cybudRq8+zg" --saveName "H8T5cybudRq8 zg" --enableDelAfterDone 

00:54:02.960 / (NORMAL) 开始解析 https://ccn.91p52.com//m3u8/426808/426808.m3u8?st=C1WPt0Aic-E_snRM61ky2A&e=1611946141&f=6965LVZTpQ64BPNLV20OHB8qE/2hUvT1gIYDf4MZeVVAFJZjkqAow/D1OnTXSdVg6Hlqxd3+ZhP4sc+gH9FHHobRUJQpQsDQnGfVsYY/H8T5cybudRq8+zg
00:54:10.142 / (NORMAL) 解析m3u8内容
00:54:10.150 / (NORMAL) 写出meta.json
00:54:10.230 / (NORMAL) 开始下载文件
00:54:14.543 / (NORMAL) 读取文件信息...
00:54:14.636 / (NORMAL) PID 0x100: Video h264, yuvj420p(pc, progressive), 600x336 [SAR 722:725 DAR 361:203], 25 fps, 25 tbr, 90k tbn, 50 tbc
00:54:14.636 / (NORMAL) PID 0x101: Audio aac, 48000 Hz, stereo, fltp, 131 kb/s
00:54:24.652 / (ERROR) DOWN: 操作超时 https://ccn.91p52.com//m3u8/426808/42680817.ts
00:55:01.652 / (NORMAL) 完成数量 33 of 34
00:55:01.652 / (NORMAL) 重试次数 1 / 15
00:55:07.668 / (NORMAL) 开始下载文件
00:55:22.638 / (NORMAL) 开始合并分片...
00:55:22.911 / (NORMAL) 结果输出至 [ffreport.log]
00:55:22.911 / (NORMAL) 任务结束

Task End: 2021/01/30 00:55:22
File: E:\GitHub\91pron_python\m3u8DL-CLI\Downloads\H8T5cybudRq8 zg.mp4


