LOG 2021/01/30
Save Path: E:\GitHub\91pron_python\m3u8DL-CLI\Logs
Task Start: 2021/01/30 01:03:11
Task CommandLine: "N_m3u8DL-CLI_v2.9.1.exe"  "https://ccn.91p52.com//m3u8/426776/426776.m3u8?st=fnF9iAAtsyMKXdG1Dv5uiQ&e=1611946175&f=2566f6LqnDQ2BK+ObZDRyE2dK1EBvz3+I6eWn74bjTM5zYUvav9c4Wa6wkH1jrqkvEVCx+/sSTLzQEc8Fmfx6lFUACxpKGXp5iAKn2UC3lcClMoEZGU4okaV" --saveName "sSTLzQEc8Fmfx6lFUACxpKGXp5iAKn2UC3lcClMoEZGU4okaV" --enableDelAfterDone 

01:03:11.402 / (NORMAL) 开始解析 https://ccn.91p52.com//m3u8/426776/426776.m3u8?st=fnF9iAAtsyMKXdG1Dv5uiQ&e=1611946175&f=2566f6LqnDQ2BK+ObZDRyE2dK1EBvz3+I6eWn74bjTM5zYUvav9c4Wa6wkH1jrqkvEVCx+/sSTLzQEc8Fmfx6lFUACxpKGXp5iAKn2UC3lcClMoEZGU4okaV
01:03:14.316 / (NORMAL) 解析m3u8内容
01:03:14.316 / (NORMAL) 写出meta.json
01:03:14.394 / (NORMAL) 开始下载文件
01:03:15.927 / (NORMAL) 读取文件信息...
01:03:16.013 / (NORMAL) PID 0x100: Video h264, yuvj420p(pc, progressive), 600x340, 30 fps, 30 tbr, 90k tbn, 60 tbc
01:03:16.014 / (NORMAL) PID 0x101: Audio aac, 44100 Hz, stereo, fltp, 4 kb/s
01:03:26.046 / (ERROR) DOWN: 操作超时 https://ccn.91p52.com//m3u8/426776/42677625.ts
01:03:27.407 / (NORMAL) 完成数量 42 of 43
01:03:27.407 / (NORMAL) 重试次数 1 / 15
01:03:33.422 / (NORMAL) 开始下载文件
01:03:35.830 / (NORMAL) 开始合并分片...
01:03:36.213 / (NORMAL) 结果输出至 [ffreport.log]
01:03:36.213 / (NORMAL) 任务结束

Task End: 2021/01/30 01:03:36
File: E:\GitHub\91pron_python\m3u8DL-CLI\Downloads\sSTLzQEc8Fmfx6lFUACxpKGXp5iAKn2UC3lcClMoEZGU4okaV.mp4


