LOG 2021/01/30
Save Path: E:\GitHub\91pron_python\m3u8DL-CLI\Logs
Task Start: 2021/01/30 01:10:39
Task CommandLine: "N_m3u8DL-CLI_v2.9.1.exe"  "https://cdn.91p07.com//m3u8/426636/426636.m3u8?st=Dz49-dK8bPjdgAqDMW6l8g&e=1611946207&f=de1apREa4kf3tF2ihys/lxxYHajxr3INIxkEDWIGB2b8MnRyAy6Hd3ijMIiQwi/jqXVZOEGUA8R22Sq8zF5Mej1Ih2M8dfekI+XR37PkB+b2d5PnGRbb7tM" --saveName "jqXVZOEGUA8R22Sq8zF5Mej1Ih2M8dfekI XR37PkB b2d5PnGRbb7tM" --enableDelAfterDone 

01:10:39.222 / (NORMAL) 开始解析 https://cdn.91p07.com//m3u8/426636/426636.m3u8?st=Dz49-dK8bPjdgAqDMW6l8g&e=1611946207&f=de1apREa4kf3tF2ihys/lxxYHajxr3INIxkEDWIGB2b8MnRyAy6Hd3ijMIiQwi/jqXVZOEGUA8R22Sq8zF5Mej1Ih2M8dfekI+XR37PkB+b2d5PnGRbb7tM
01:10:42.324 / (NORMAL) 解析m3u8内容
01:10:42.331 / (NORMAL) 写出meta.json
01:10:42.410 / (NORMAL) 开始下载文件
01:10:43.469 / (NORMAL) 读取文件信息...
01:10:43.557 / (NORMAL) PID 0x100: Video h264, yuv420p(progressive), 600x336, 25 fps, 25 tbr, 90k tbn, 50 tbc
01:10:43.557 / (NORMAL) PID 0x101: Audio aac, 48000 Hz, stereo, fltp, 4 kb/s
01:10:56.270 / (ERROR) DOWN: 操作已超时。 https://cdn.91p07.com//m3u8/426636/42663614.ts
01:10:57.051 / (ERROR) DOWN: 操作已超时。 https://cdn.91p07.com//m3u8/426636/42663615.ts
01:10:57.058 / (NORMAL) 完成数量 24 of 26
01:10:57.058 / (NORMAL) 重试次数 1 / 15
01:11:03.071 / (NORMAL) 开始下载文件
01:11:06.152 / (NORMAL) 开始合并分片...
01:11:06.366 / (NORMAL) 结果输出至 [ffreport.log]
01:11:06.366 / (NORMAL) 任务结束

Task End: 2021/01/30 01:11:06
File: E:\GitHub\91pron_python\m3u8DL-CLI\Downloads\jqXVZOEGUA8R22Sq8zF5Mej1Ih2M8dfekI XR37PkB b2d5PnGRbb7tM.mp4


