LOG 2021/01/30
Save Path: E:\GitHub\91pron_python\m3u8DL-CLI\Logs
Task Start: 2021/01/30 00:58:30
Task CommandLine: "N_m3u8DL-CLI_v2.9.1.exe"  "https://ccn.91p52.com//m3u8/423116/423116.m3u8?st=Lt8ShBDPBa7ZLbHeuJSnEA&e=1611946155&f=f538L2lR22JPcb5KFhaHMGdServOycLuhGMDiUi8T3fp/nLEZ5CFZ0k4eJVceRPI9LLNYsTHD3GrMP4kTQvwKoU2J1Wipp6W1sQ4qP8xG4nvimiXXbht7/jR" --saveName "jR" --enableDelAfterDone 

00:58:30.548 / (NORMAL) 开始解析 https://ccn.91p52.com//m3u8/423116/423116.m3u8?st=Lt8ShBDPBa7ZLbHeuJSnEA&e=1611946155&f=f538L2lR22JPcb5KFhaHMGdServOycLuhGMDiUi8T3fp/nLEZ5CFZ0k4eJVceRPI9LLNYsTHD3GrMP4kTQvwKoU2J1Wipp6W1sQ4qP8xG4nvimiXXbht7/jR
00:58:33.533 / (NORMAL) 解析m3u8内容
00:58:33.533 / (NORMAL) 写出meta.json
00:58:33.611 / (NORMAL) 开始下载文件
00:58:35.252 / (NORMAL) 读取文件信息...
00:58:35.345 / (NORMAL) PID 0x100: Video h264, yuv420p(progressive), 202x360, 60 fps, 60 tbr, 90k tbn, 120 tbc
00:58:35.345 / (NORMAL) PID 0x101: Audio aac, 44100 Hz, stereo, fltp, 130 kb/s
00:58:50.736 / (ERROR) DOWN: 操作已超时。 https://ccn.91p52.com//m3u8/423116/42311610.ts
00:58:51.626 / (ERROR) DOWN: 操作已超时。 https://ccn.91p52.com//m3u8/423116/4231166.ts
00:58:53.845 / (NORMAL) 完成数量 34 of 36
00:58:53.845 / (NORMAL) 重试次数 1 / 15
00:58:59.862 / (NORMAL) 开始下载文件
00:59:02.721 / (NORMAL) 开始合并分片...
00:59:03.065 / (NORMAL) 结果输出至 [ffreport.log]
00:59:03.065 / (NORMAL) 任务结束

Task End: 2021/01/30 00:59:03
File: E:\GitHub\91pron_python\m3u8DL-CLI\Downloads\jR.mp4


