LOG 2021/01/30
Save Path: E:\GitHub\91pron_python\m3u8DL-CLI\Logs
Task Start: 2021/01/30 00:59:03
Task CommandLine: "N_m3u8DL-CLI_v2.9.1.exe"  "https://cdn.91p07.com//m3u8/425191/425191.m3u8?st=oAE_etoCJxe--H6RZE9Exg&e=1611946155&f=fc543WCy7P8aeGjsWbZZe2jEilTMu6GAzEimnl6B5ezUcdLwQEU1WClgd2DbRgDxVolez+Losm53ktaOqBHaNW7tB0Hh4jsXarccVAwffK1mAFmBQJbwkj14" --saveName "425191" --enableDelAfterDone 

00:59:03.205 / (NORMAL) 开始解析 https://cdn.91p07.com//m3u8/425191/425191.m3u8?st=oAE_etoCJxe--H6RZE9Exg&e=1611946155&f=fc543WCy7P8aeGjsWbZZe2jEilTMu6GAzEimnl6B5ezUcdLwQEU1WClgd2DbRgDxVolez+Losm53ktaOqBHaNW7tB0Hh4jsXarccVAwffK1mAFmBQJbwkj14
00:59:06.643 / (NORMAL) 解析m3u8内容
00:59:06.659 / (NORMAL) 写出meta.json
00:59:06.737 / (NORMAL) 开始下载文件
00:59:08.018 / (NORMAL) 读取文件信息...
00:59:08.112 / (NORMAL) PID 0x100: Video h264, yuv420p(progressive), 600x336 [SAR 224:225 DAR 16:9], 30 fps, 30 tbr, 90k tbn, 60 tbc
00:59:08.112 / (NORMAL) PID 0x101: Audio aac, 44100 Hz, stereo, fltp, 4 kb/s
00:59:19.950 / (ERROR) DOWN: 操作已超时。 https://cdn.91p07.com//m3u8/425191/42519134.ts
00:59:29.551 / (ERROR) DOWN: 操作已超时。 https://cdn.91p07.com//m3u8/425191/4251911.ts
00:59:31.388 / (ERROR) DOWN: 操作已超时。 https://cdn.91p07.com//m3u8/425191/4251912.ts
00:59:33.872 / (NORMAL) 完成数量 55 of 58
00:59:33.872 / (NORMAL) 重试次数 1 / 15
00:59:39.889 / (NORMAL) 开始下载文件
00:59:43.295 / (NORMAL) 开始合并分片...
00:59:43.685 / (NORMAL) 结果输出至 [ffreport.log]
00:59:43.685 / (NORMAL) 任务结束

Task End: 2021/01/30 00:59:43
File: E:\GitHub\91pron_python\m3u8DL-CLI\Downloads\425191.mp4


