LOG 2021/01/30
Save Path: E:\GitHub\91pron_python\m3u8DL-CLI\Logs
Task Start: 2021/01/30 01:00:34
Task CommandLine: "N_m3u8DL-CLI_v2.9.1.exe"  "https://ccn.91p52.com//m3u8/429013/429013.m3u8?st=-uTIXqGCSyDdQO04A83ZUg&e=1611946164&f=58e54ZvjMb0xjCaPizNkKf3qVGMWfvIddof7x2fRF1BDZdkb+TFgZi/zrhfBWxdX6osEgkypAFUcgoTUuNHie+od510a7xYxjqP409M4X5DDnDeWFGhBzkQ" --saveName "zrhfBWxdX6osEgkypAFUcgoTUuNHie od510a7xYxjqP409M4X5DDnDeWFGhBzkQ" --enableDelAfterDone 

01:00:34.498 / (NORMAL) 开始解析 https://ccn.91p52.com//m3u8/429013/429013.m3u8?st=-uTIXqGCSyDdQO04A83ZUg&e=1611946164&f=58e54ZvjMb0xjCaPizNkKf3qVGMWfvIddof7x2fRF1BDZdkb+TFgZi/zrhfBWxdX6osEgkypAFUcgoTUuNHie+od510a7xYxjqP409M4X5DDnDeWFGhBzkQ
01:00:37.618 / (NORMAL) 解析m3u8内容
01:00:37.618 / (NORMAL) 写出meta.json
01:00:37.707 / (NORMAL) 开始下载文件
01:00:38.762 / (NORMAL) 读取文件信息...
01:00:38.840 / (NORMAL) PID 0x100: Video h264, yuv420p(progressive), 600x336 [SAR 224:225 DAR 16:9], 25 fps, 25 tbr, 90k tbn, 50 tbc
01:00:38.840 / (NORMAL) PID 0x101: Audio aac, 44100 Hz, stereo, fltp, 129 kb/s
01:00:48.858 / (ERROR) DOWN: 操作超时 https://ccn.91p52.com//m3u8/429013/42901349.ts
01:00:50.428 / (ERROR) DOWN: 操作已超时。 https://ccn.91p52.com//m3u8/429013/42901337.ts
01:00:50.463 / (ERROR) DOWN: 操作已超时。 https://ccn.91p52.com//m3u8/429013/42901317.ts
01:00:59.001 / (ERROR) DOWN: 操作超时 https://ccn.91p52.com//m3u8/429013/42901363.ts
01:00:59.001 / (NORMAL) 完成数量 65 of 69
01:00:59.001 / (NORMAL) 重试次数 1 / 15
01:01:05.017 / (NORMAL) 开始下载文件
01:01:16.522 / (ERROR) DOWN: 操作已超时。 https://ccn.91p52.com//m3u8/429013/42901337.ts
01:01:16.522 / (NORMAL) 完成数量 68 of 69
01:01:16.522 / (NORMAL) 重试次数 2 / 15
01:01:22.536 / (NORMAL) 开始下载文件
01:01:26.239 / (NORMAL) 开始合并分片...
01:01:26.645 / (NORMAL) 结果输出至 [ffreport.log]
01:01:26.645 / (NORMAL) 任务结束

Task End: 2021/01/30 01:01:26
File: E:\GitHub\91pron_python\m3u8DL-CLI\Downloads\zrhfBWxdX6osEgkypAFUcgoTUuNHie od510a7xYxjqP409M4X5DDnDeWFGhBzkQ.mp4


