LOG 2021/01/30
Save Path: E:\GitHub\91pron_python\m3u8DL-CLI\Logs
Task Start: 2021/01/30 00:53:01
Task CommandLine: "N_m3u8DL-CLI_v2.9.1.exe"  "https://ccn.91p52.com//m3u8/423435/423435.m3u8?st=WXvHVjdRCfFmo0-5hBm9Hg&e=1611946133&f=fc0f4gVjkWCDRUZCUJmE3+/Z3mi0fgPxfQmNoQEG1+QVitZUm+6tDBjPYiYntRWa8pdVNlZTvkkI4rs+/RwX43/nMq8qCxOT4zb5EW/PXvxUw5PiBUsKyxw" --saveName "PXvxUw5PiBUsKyxw" --enableDelAfterDone 

00:53:01.892 / (NORMAL) 开始解析 https://ccn.91p52.com//m3u8/423435/423435.m3u8?st=WXvHVjdRCfFmo0-5hBm9Hg&e=1611946133&f=fc0f4gVjkWCDRUZCUJmE3+/Z3mi0fgPxfQmNoQEG1+QVitZUm+6tDBjPYiYntRWa8pdVNlZTvkkI4rs+/RwX43/nMq8qCxOT4zb5EW/PXvxUw5PiBUsKyxw
00:53:07.425 / (NORMAL) 解析m3u8内容
00:53:07.425 / (NORMAL) 写出meta.json
00:53:07.519 / (NORMAL) 开始下载文件
00:53:08.229 / (NORMAL) 读取文件信息...
00:53:08.327 / (NORMAL) PID 0x100: Video h264, yuv420p(progressive), 600x336 [SAR 224:225 DAR 16:9], 29.97 fps, 29.97 tbr, 90k tbn, 59.94 tbc
00:53:08.333 / (NORMAL) PID 0x101: Audio aac, 44100 Hz, stereo, fltp, 6 kb/s
00:53:20.023 / (ERROR) DOWN: 操作超时 https://ccn.91p52.com//m3u8/423435/42343557.ts
00:53:21.659 / (ERROR) DOWN: 操作超时 https://ccn.91p52.com//m3u8/423435/42343530.ts
00:53:29.895 / (ERROR) DOWN: 操作超时 https://ccn.91p52.com//m3u8/423435/4234353.ts
00:53:30.035 / (ERROR) DOWN: 操作超时 https://ccn.91p52.com//m3u8/423435/42343558.ts
00:53:31.020 / (ERROR) DOWN: 操作超时 https://ccn.91p52.com//m3u8/423435/42343544.ts
00:53:34.161 / (ERROR) DOWN: 操作已超时。 https://ccn.91p52.com//m3u8/423435/42343556.ts
00:53:34.770 / (ERROR) DOWN: 操作已超时。 https://ccn.91p52.com//m3u8/423435/42343531.ts
00:53:34.942 / (ERROR) DOWN: 操作已超时。 https://ccn.91p52.com//m3u8/423435/42343524.ts
00:53:34.942 / (NORMAL) 完成数量 58 of 66
00:53:34.942 / (NORMAL) 重试次数 1 / 15
00:53:40.958 / (NORMAL) 开始下载文件
00:53:46.393 / (NORMAL) 开始合并分片...
00:53:46.800 / (NORMAL) 结果输出至 [ffreport.log]
00:53:46.800 / (NORMAL) 任务结束

Task End: 2021/01/30 00:53:46
File: E:\GitHub\91pron_python\m3u8DL-CLI\Downloads\PXvxUw5PiBUsKyxw.mp4


