LOG 2021/01/30
Save Path: E:\GitHub\91pron_python\m3u8DL-CLI\Logs
Task Start: 2021/01/30 00:49:46
Task CommandLine: "N_m3u8DL-CLI_v2.9.1.exe"  "https://cdn.91p07.com//m3u8/426749/426749.m3u8?st=GcxB3-ObHHw_nDa9kfnyjQ&e=1611946133&f=8d6cte8pjDU5EkksrtNrkA8iNraBtAPuH8mCjAw/jdR3+AUTwra4V2JJWkYJohPA93CnsLyUghhYHzO3sMbu5DdkZtfn3WpIHjcPVeM+cO0PcmN+Bhw5SA" --saveName "jdR3 AUTwra4V2JJWkYJohPA93CnsLyUghhYHzO3sMbu5DdkZtfn3WpIHjcPVeM cO0PcmN Bhw5SA" --enableDelAfterDone 

00:49:46.864 / (NORMAL) 开始解析 https://cdn.91p07.com//m3u8/426749/426749.m3u8?st=GcxB3-ObHHw_nDa9kfnyjQ&e=1611946133&f=8d6cte8pjDU5EkksrtNrkA8iNraBtAPuH8mCjAw/jdR3+AUTwra4V2JJWkYJohPA93CnsLyUghhYHzO3sMbu5DdkZtfn3WpIHjcPVeM+cO0PcmN+Bhw5SA
00:49:55.474 / (NORMAL) 解析m3u8内容
00:50:58.190 / (NORMAL) 写出meta.json
00:50:58.269 / (NORMAL) 开始下载文件
00:51:04.378 / (NORMAL) 读取文件信息...
00:51:04.457 / (NORMAL) PID 0x100: Video h264, yuv420p(progressive), 202x360, 30 fps, 30 tbr, 90k tbn, 60 tbc
00:51:04.457 / (NORMAL) PID 0x101: Audio aac, 44100 Hz, stereo, fltp, 131 kb/s
00:51:23.542 / (ERROR) DOWN: 操作已超时。 https://cdn.91p07.com//m3u8/426749/42674958.ts
00:51:26.218 / (ERROR) DOWN: 操作已超时。 https://cdn.91p07.com//m3u8/426749/42674935.ts
00:51:28.343 / (ERROR) DOWN: 操作超时 https://cdn.91p07.com//m3u8/426749/42674940.ts
00:51:28.984 / (ERROR) DOWN: 操作已超时。 https://cdn.91p07.com//m3u8/426749/4267494.ts
00:51:30.234 / (ERROR) DOWN: 操作已超时。 https://cdn.91p07.com//m3u8/426749/42674928.ts
00:51:31.640 / (ERROR) DOWN: 操作超时 https://cdn.91p07.com//m3u8/426749/42674969.ts
00:51:47.865 / (NORMAL) 完成数量 69 of 75
00:51:47.865 / (NORMAL) 重试次数 1 / 15
00:51:53.881 / (NORMAL) 开始下载文件
00:52:04.004 / (ERROR) DOWN: 操作超时 https://cdn.91p07.com//m3u8/426749/42674969.ts
00:52:04.004 / (NORMAL) 完成数量 74 of 75
00:52:04.004 / (NORMAL) 重试次数 2 / 15
00:52:10.020 / (NORMAL) 开始下载文件
00:52:12.833 / (NORMAL) 开始合并分片...
00:52:13.349 / (NORMAL) 结果输出至 [ffreport.log]
00:52:13.349 / (NORMAL) 任务结束

Task End: 2021/01/30 00:52:13
File: E:\GitHub\91pron_python\m3u8DL-CLI\Downloads\jdR3 AUTwra4V2JJWkYJohPA93CnsLyUghhYHzO3sMbu5DdkZtfn3WpIHjcPVeM cO0PcmN Bhw5SA.mp4


