LOG 2021/01/30
Save Path: E:\GitHub\91pron_python\m3u8DL-CLI\Logs
Task Start: 2021/01/30 01:05:28
Task CommandLine: "N_m3u8DL-CLI_v2.9.1.exe"  "https://ccn.91p52.com//m3u8/425073/425073.m3u8?st=gl4UVIsgbcrm9eWMauWVEw&e=1611946184&f=6ed1jwFAiQOOoz4ophlRLS64P8q7AIEkOiLWPJOU/6ql85+ywVo5Jvi+uObCTm9xemitY2Gokcp+zGL2rZ93I/aP7eSJYMkUCIOMomAZrejQJlzKBNnuvfU" --saveName "aP7eSJYMkUCIOMomAZrejQJlzKBNnuvfU" --enableDelAfterDone 

01:05:28.517 / (NORMAL) 开始解析 https://ccn.91p52.com//m3u8/425073/425073.m3u8?st=gl4UVIsgbcrm9eWMauWVEw&e=1611946184&f=6ed1jwFAiQOOoz4ophlRLS64P8q7AIEkOiLWPJOU/6ql85+ywVo5Jvi+uObCTm9xemitY2Gokcp+zGL2rZ93I/aP7eSJYMkUCIOMomAZrejQJlzKBNnuvfU
01:05:31.255 / (NORMAL) 解析m3u8内容
01:05:31.262 / (NORMAL) 写出meta.json
01:05:31.340 / (NORMAL) 开始下载文件
01:05:32.066 / (NORMAL) 读取文件信息...
01:05:32.144 / (NORMAL) PID 0x100: Video h264, yuv420p(progressive), 600x336 [SAR 224:225 DAR 16:9], 30 fps, 30 tbr, 90k tbn, 60 tbc
01:05:32.144 / (NORMAL) PID 0x101: Audio aac, 48000 Hz, stereo, fltp, 4 kb/s
01:05:47.126 / (ERROR) DOWN: 操作超时 https://ccn.91p52.com//m3u8/425073/42507327.ts
01:05:51.954 / (ERROR) DOWN: 操作已超时。 https://ccn.91p52.com//m3u8/425073/42507324.ts
01:06:05.140 / (ERROR) DOWN: 操作已超时。 https://ccn.91p52.com//m3u8/425073/42507375.ts
01:06:08.783 / (NORMAL) 完成数量 75 of 78
01:06:08.783 / (NORMAL) 重试次数 1 / 15
01:06:14.790 / (NORMAL) 开始下载文件
01:06:18.684 / (NORMAL) 开始合并分片...
01:06:19.231 / (NORMAL) 结果输出至 [ffreport.log]
01:06:19.231 / (NORMAL) 任务结束

Task End: 2021/01/30 01:06:19
File: E:\GitHub\91pron_python\m3u8DL-CLI\Downloads\aP7eSJYMkUCIOMomAZrejQJlzKBNnuvfU.mp4


