LOG 2021/01/30
Save Path: E:\GitHub\91pron_python\m3u8DL-CLI\Logs
Task Start: 2021/01/30 00:52:13
Task CommandLine: "N_m3u8DL-CLI_v2.9.1.exe"  "https://cdn.91p07.com//m3u8/426636/426636.m3u8?st=tbG4_LpXG6GFZi86jbWjwg&e=1611946133&f=f28cjNHRCRxtu0vE8zvUNArPI71xSmvUnyDZbKq8ko1uVF51/REDLXdBo9L3n2b6fv1LNyxiwYO1s1TR2/bZamRCr5Jw+OJm0kdWanhU2wKH/NjWOldZCS7Q" --saveName "NjWOldZCS7Q" --enableDelAfterDone 

00:52:13.505 / (NORMAL) 开始解析 https://cdn.91p07.com//m3u8/426636/426636.m3u8?st=tbG4_LpXG6GFZi86jbWjwg&e=1611946133&f=f28cjNHRCRxtu0vE8zvUNArPI71xSmvUnyDZbKq8ko1uVF51/REDLXdBo9L3n2b6fv1LNyxiwYO1s1TR2/bZamRCr5Jw+OJm0kdWanhU2wKH/NjWOldZCS7Q
00:52:18.647 / (NORMAL) 解析m3u8内容
00:52:18.653 / (NORMAL) 写出meta.json
00:52:18.731 / (NORMAL) 开始下载文件
00:52:19.426 / (NORMAL) 读取文件信息...
00:52:19.516 / (NORMAL) PID 0x100: Video h264, yuv420p(progressive), 600x336, 25 fps, 25 tbr, 90k tbn, 50 tbc
00:52:19.516 / (NORMAL) PID 0x101: Audio aac, 48000 Hz, stereo, fltp, 4 kb/s
00:52:29.535 / (ERROR) DOWN: 操作超时 https://cdn.91p07.com//m3u8/426636/4266369.ts
00:52:33.973 / (ERROR) DOWN: 操作已超时。 https://cdn.91p07.com//m3u8/426636/4266364.ts
00:52:33.981 / (NORMAL) 完成数量 24 of 26
00:52:33.981 / (NORMAL) 重试次数 1 / 15
00:52:39.991 / (NORMAL) 开始下载文件
00:52:50.013 / (ERROR) DOWN: 操作超时 https://cdn.91p07.com//m3u8/426636/4266364.ts
00:52:50.013 / (NORMAL) 完成数量 25 of 26
00:52:50.013 / (NORMAL) 重试次数 2 / 15
00:52:56.032 / (NORMAL) 开始下载文件
00:53:01.548 / (NORMAL) 开始合并分片...
00:53:01.751 / (NORMAL) 结果输出至 [ffreport.log]
00:53:01.751 / (NORMAL) 任务结束

Task End: 2021/01/30 00:53:01
File: E:\GitHub\91pron_python\m3u8DL-CLI\Downloads\NjWOldZCS7Q.mp4


